
> @cekdulu/web@0.1.0 build C:\laragon\www\cekdulu\apps\web
> next build

   ▲ Next.js 15.5.18
   - Environments: .env.local
   - Experiments (use with caution):
     · optimizePackageImports

   Creating an optimized production build ...
 ✓ Compiled successfully in 24.3s
   Linting and checking validity of types ...
   Collecting page data ...
   Generating static pages (0/14) ...
   Generating static pages (3/14) 
   Generating static pages (6/14) 
   Generating static pages (10/14) 
 ✓ Generating static pages (14/14)
   Finalizing page optimization ...
   Collecting build traces ...

Route (app)                                 Size  First Load JS
┌ ○ /                                    39.1 kB         150 kB
├ ○ /_not-found                            143 B         102 kB
├ ○ /admin                                 12 kB         124 kB
├ ○ /articles                              170 B         105 kB
├ ƒ /articles/[slug]                       170 B         105 kB
├ ○ /auth/login                          2.42 kB         117 kB
├ ○ /auth/register                       2.47 kB         117 kB
├ ƒ /compare/[slug]                        170 B         105 kB
├ ○ /dashboard                           3.87 kB         109 kB
├ ○ /deals                                 143 B         102 kB
├ ○ /products                              175 B         111 kB
├ ƒ /products/[slug]                       175 B         111 kB
├ ○ /robots.txt                            143 B         102 kB
├ ○ /search                              2.91 kB         105 kB
└ ○ /sitemap.xml                           143 B         102 kB
+ First Load JS shared by all             102 kB
  ├ chunks/1403cfaa-6db8521358bcd91a.js  54.2 kB
  ├ chunks/159-2398f495578bc26c.js       45.7 kB
  └ other shared chunks (total)          1.99 kB


○  (Static)   prerendered as static content
ƒ  (Dynamic)  server-rendered on demand

